<?xml version="1.0" encoding="UTF-8"?>
<testng-results skipped="0" failed="0" total="1" passed="1">
  <reporter-output>
  </reporter-output>
  <suite name="Sel.NewTest" duration-ms="12291" started-at="2019-05-12T08:32:06Z" finished-at="2019-05-12T08:32:18Z">
    <groups>
    </groups>
    <test name="Command line test" duration-ms="12291" started-at="2019-05-12T08:32:06Z" finished-at="2019-05-12T08:32:18Z">
      <class name="Sel.NewTest">
        <test-method status="PASS" signature="beforeTest()[pri:0, instance:Sel.NewTest@17f6480]" name="beforeTest" is-config="true" duration-ms="5875" started-at="2019-05-12T14:02:06Z" finished-at="2019-05-12T14:02:12Z">
          <reporter-output>
          </reporter-output>
        </test-method> <!-- beforeTest -->
        <test-method status="PASS" signature="f()[pri:0, instance:Sel.NewTest@17f6480]" name="f" duration-ms="5106" started-at="2019-05-12T14:02:12Z" finished-at="2019-05-12T14:02:17Z">
          <reporter-output>
          </reporter-output>
        </test-method> <!-- f -->
        <test-method status="PASS" signature="afterTest()[pri:0, instance:Sel.NewTest@17f6480]" name="afterTest" is-config="true" duration-ms="1303" started-at="2019-05-12T14:02:17Z" finished-at="2019-05-12T14:02:18Z">
          <reporter-output>
          </reporter-output>
        </test-method> <!-- afterTest -->
      </class> <!-- Sel.NewTest -->
    </test> <!-- Command line test -->
  </suite> <!-- Sel.NewTest -->
</testng-results>
