<?xml version="1.0" encoding="UTF-8"?>
<testng-results skipped="0" failed="0" total="1" passed="1">
  <reporter-output>
  </reporter-output>
  <suite name="Suite" duration-ms="12588" started-at="2019-05-12T06:50:50Z" finished-at="2019-05-12T06:51:03Z">
    <groups>
    </groups>
    <test name="Test" duration-ms="12588" started-at="2019-05-12T06:50:50Z" finished-at="2019-05-12T06:51:03Z">
      <class name="Sel.NewTest">
        <test-method status="PASS" signature="beforeTest()[pri:0, instance:Sel.NewTest@215be6bb]" name="beforeTest" is-config="true" duration-ms="5693" started-at="2019-05-12T12:20:50Z" finished-at="2019-05-12T12:20:56Z">
          <reporter-output>
          </reporter-output>
        </test-method> <!-- beforeTest -->
        <test-method status="PASS" signature="f()[pri:0, instance:Sel.NewTest@215be6bb]" name="f" duration-ms="5645" started-at="2019-05-12T12:20:56Z" finished-at="2019-05-12T12:21:02Z">
          <reporter-output>
          </reporter-output>
        </test-method> <!-- f -->
        <test-method status="PASS" signature="afterTest()[pri:0, instance:Sel.NewTest@215be6bb]" name="afterTest" is-config="true" duration-ms="1230" started-at="2019-05-12T12:21:02Z" finished-at="2019-05-12T12:21:03Z">
          <reporter-output>
          </reporter-output>
        </test-method> <!-- afterTest -->
      </class> <!-- Sel.NewTest -->
    </test> <!-- Test -->
  </suite> <!-- Suite -->
</testng-results>
